[0m12:04:25.768267 [debug] [MainThread]: Sending event: {'category': 'dbt', 'action': 'invocation', 'label': 'start', 'context': [<snowplow_tracker.self_describing_json.SelfDescribingJson object at 0x10543c110>, <snowplow_tracker.self_describing_json.SelfDescribingJson object at 0x105437650>, <snowplow_tracker.self_describing_json.SelfDescribingJson object at 0x105415290>]}


============================== 12:04:25.771029 | d617739d-91fc-4332-a2f3-93f27d90ce77 ==============================
[0m12:04:25.771029 [info ] [MainThread]: Running with dbt=1.9.8
[0m12:04:25.771316 [debug] [MainThread]: running dbt with arguments {'printer_width': '80', 'indirect_selection': 'eager', 'write_json': 'True', 'log_cache_events': 'False', 'partial_parse': 'True', 'cache_selected_only': 'False', 'profiles_dir': '/Users/rinbaruah/.dbt', 'fail_fast': 'False', 'debug': 'False', 'log_path': 'logs', 'version_check': 'True', 'warn_error': 'None', 'use_colors': 'True', 'use_experimental_parser': 'False', 'no_print': 'None', 'quiet': 'False', 'empty': 'None', 'log_format': 'default', 'invocation_command': 'dbt init', 'warn_error_options': 'WarnErrorOptions(include=[], exclude=[])', 'static_parser': 'True', 'target_path': 'None', 'introspect': 'True', 'send_anonymous_usage_stats': 'True'}
[0m12:04:31.557485 [debug] [MainThread]: Starter project path: /Users/rinbaruah/anaconda3/lib/python3.11/site-packages/dbt/include/starter_project
[0m12:04:31.567207 [info ] [MainThread]: 
Your new dbt project "custom_postgres" was created!

For more information on how to configure the profiles.yml file,
please consult the dbt documentation here:

  https://docs.getdbt.com/docs/configure-your-profile

One more thing:

Need help? Don't hesitate to reach out to us via GitHub issues or on Slack:

  https://community.getdbt.com/

Happy modeling!

[0m12:04:31.567567 [info ] [MainThread]: Setting up your profile.
[0m12:10:21.212804 [debug] [MainThread]: Sending event: {'category': 'dbt', 'action': 'invocation', 'label': 'start', 'context': [<snowplow_tracker.self_describing_json.SelfDescribingJson object at 0x1096f4690>, <snowplow_tracker.self_describing_json.SelfDescribingJson object at 0x1096d4250>, <snowplow_tracker.self_describing_json.SelfDescribingJson object at 0x1096f7fd0>]}


============================== 12:10:21.218225 | 1de4a59e-2fc2-430d-aef4-d6b819efc957 ==============================
[0m12:10:21.218225 [info ] [MainThread]: Running with dbt=1.9.8
[0m12:10:21.218523 [debug] [MainThread]: running dbt with arguments {'printer_width': '80', 'indirect_selection': 'eager', 'write_json': 'True', 'log_cache_events': 'False', 'partial_parse': 'True', 'cache_selected_only': 'False', 'profiles_dir': '/Users/rinbaruah/.dbt', 'version_check': 'True', 'fail_fast': 'False', 'log_path': 'logs', 'debug': 'False', 'warn_error': 'None', 'use_colors': 'True', 'use_experimental_parser': 'False', 'empty': 'None', 'quiet': 'False', 'no_print': 'None', 'log_format': 'default', 'invocation_command': 'dbt init', 'warn_error_options': 'WarnErrorOptions(include=[], exclude=[])', 'introspect': 'True', 'target_path': 'None', 'static_parser': 'True', 'send_anonymous_usage_stats': 'True'}
[0m12:10:27.563545 [debug] [MainThread]: Starter project path: /Users/rinbaruah/anaconda3/lib/python3.11/site-packages/dbt/include/starter_project
[0m12:10:27.573739 [info ] [MainThread]: 
Your new dbt project "custom_postgres" was created!

For more information on how to configure the profiles.yml file,
please consult the dbt documentation here:

  https://docs.getdbt.com/docs/configure-your-profile

One more thing:

Need help? Don't hesitate to reach out to us via GitHub issues or on Slack:

  https://community.getdbt.com/

Happy modeling!

[0m12:10:27.574405 [info ] [MainThread]: Setting up your profile.
